E:\VISUAL STUDIO练习\C2\14宠物小屋练习\14宠物小屋练习\DEBUG\01MAIN.OBJ
E:\VISUAL STUDIO练习\C2\14宠物小屋练习\14宠物小屋练习\DEBUG\ANIMAL.OBJ
E:\VISUAL STUDIO练习\C2\14宠物小屋练习\14宠物小屋练习\DEBUG\CAGE.OBJ
E:\VISUAL STUDIO练习\C2\14宠物小屋练习\14宠物小屋练习\DEBUG\CAT.OBJ
E:\VISUAL STUDIO练习\C2\14宠物小屋练习\14宠物小屋练习\DEBUG\DOG.OBJ
E:\VISUAL STUDIO练习\C2\14宠物小屋练习\14宠物小屋练习\DEBUG\HOUSE.OBJ
E:\VISUAL STUDIO练习\C2\14宠物小屋练习\14宠物小屋练习\DEBUG\SNAKE.OBJ
E:\VISUAL STUDIO练习\C2\14宠物小屋练习\14宠物小屋练习\DEBUG\VC110.PDB
E:\VISUAL STUDIO练习\C2\14宠物小屋练习\14宠物小屋练习\DEBUG\ANNE.OBJ
E:\VISUAL STUDIO练习\C2\14宠物小屋练习\DEBUG\14宠物小屋练习.ILK
E:\VISUAL STUDIO练习\C2\14宠物小屋练习\DEBUG\14宠物小屋练习.EXE
E:\VISUAL STUDIO练习\C2\14宠物小屋练习\DEBUG\14宠物小屋练习.PDB
E:\Visual Studio练习\C2\14宠物小屋练习\14宠物小屋练习\Debug\01main.obj
E:\Visual Studio练习\C2\14宠物小屋练习\14宠物小屋练习\Debug\Animal.obj
E:\Visual Studio练习\C2\14宠物小屋练习\14宠物小屋练习\Debug\Anne.obj
E:\Visual Studio练习\C2\14宠物小屋练习\14宠物小屋练习\Debug\Cage.obj
E:\Visual Studio练习\C2\14宠物小屋练习\14宠物小屋练习\Debug\Cat.obj
E:\Visual Studio练习\C2\14宠物小屋练习\14宠物小屋练习\Debug\Dog.obj
E:\Visual Studio练习\C2\14宠物小屋练习\14宠物小屋练习\Debug\House.obj
E:\Visual Studio练习\C2\14宠物小屋练习\14宠物小屋练习\Debug\Snake.obj
E:\Visual Studio练习\C2\14宠物小屋练习\14宠物小屋练习\Debug\cl.command.1.tlog
E:\Visual Studio练习\C2\14宠物小屋练习\14宠物小屋练习\Debug\CL.read.1.tlog
E:\Visual Studio练习\C2\14宠物小屋练习\14宠物小屋练习\Debug\CL.write.1.tlog
E:\Visual Studio练习\C2\14宠物小屋练习\14宠物小屋练习\Debug\link-cvtres.read.1.tlog
E:\Visual Studio练习\C2\14宠物小屋练习\14宠物小屋练习\Debug\link-cvtres.write.1.tlog
E:\Visual Studio练习\C2\14宠物小屋练习\14宠物小屋练习\Debug\link-rc.read.1.tlog
E:\Visual Studio练习\C2\14宠物小屋练习\14宠物小屋练习\Debug\link-rc.write.1.tlog
E:\Visual Studio练习\C2\14宠物小屋练习\14宠物小屋练习\Debug\link.command.1.tlog
E:\Visual Studio练习\C2\14宠物小屋练习\14宠物小屋练习\Debug\link.read.1.tlog
E:\Visual Studio练习\C2\14宠物小屋练习\14宠物小屋练习\Debug\link.write.1.tlog
E:\Visual Studio练习\C2\14宠物小屋练习\14宠物小屋练习\Debug\vc110.idb
E:\Visual Studio练习\C2\14宠物小屋练习\14宠物小屋练习\Debug\vc110.pdb
E:\Visual Studio练习\C2\14宠物小屋练习\Debug\14宠物小屋练习.pdb
E:\Visual Studio练习\C2\14宠物小屋练习\Debug\14宠物小屋练习.exe
E:\Visual Studio练习\C2\14宠物小屋练习\Debug\14宠物小屋练习.ilk
