生成启动时间为 2021/3/21 10:35:36。
     1>项目“E:\Visual Studio练习\C2\14宠物小屋练习\14宠物小屋练习\14宠物小屋练习.vcxproj”在节点 2 上(Build 个目标)。
     1>ClCompile:
         C:\Program Files (x86)\Microsoft Visual Studio 11.0\VC\bin\CL.exe /c /ZI /nologo /W3 /WX- /Od /Oy- /D _UNICODE /D UNICODE /Gm /EHsc /RTC1 /MDd /GS /fp:precise /Zc:wchar_t /Zc:forScope /Fo"Debug\\" /Fd"Debug\vc110.pdb" /Gd /TP /analyze- /errorReport:prompt 01main.cpp Anne.cpp
         Anne.cpp
         01main.cpp
         正在生成代码...
       Link:
         C:\Program Files (x86)\Microsoft Visual Studio 11.0\VC\bin\link.exe /ERRORREPORT:PROMPT /OUT:"E:\Visual Studio练习\C2\14宠物小屋练习\Debug\14宠物小屋练习.exe" /INCREMENTAL /NOLOGO kernel32.lib user32.lib gdi32.lib winspool.lib comdlg32.lib advapi32.lib shell32.lib ole32.lib oleaut32.lib uuid.lib odbc32.lib odbccp32.lib /MANIFEST /MANIFESTUAC:"level='asInvoker' uiAccess='false'" /manifest:embed /DEBUG /PDB:"E:\Visual Studio练习\C2\14宠物小屋练习\Debug\14宠物小屋练习.pdb" /TLBID:1 /DYNAMICBASE /NXCOMPAT /IMPLIB:"E:\Visual Studio练习\C2\14宠物小屋练习\Debug\14宠物小屋练习.lib" /MACHINE:X86 Debug\01main.obj
         Debug\Animal.obj
         Debug\Anne.obj
         Debug\Cage.obj
         Debug\Cat.obj
         Debug\Dog.obj
         Debug\House.obj
         Debug\Snake.obj
         14宠物小屋练习.vcxproj -> E:\Visual Studio练习\C2\14宠物小屋练习\Debug\14宠物小屋练习.exe
     1>已完成生成项目“E:\Visual Studio练习\C2\14宠物小屋练习\14宠物小屋练习\14宠物小屋练习.vcxproj”(Build 个目标)的操作。

生成成功。

已用时间 00:00:02.67
