E:\VISUAL STUDIO练习\C2\飞机大战\飞机大战\DEBUG\01WINMAIN.OBJ
E:\VISUAL STUDIO练习\C2\飞机大战\飞机大战\DEBUG\BACK.OBJ
E:\VISUAL STUDIO练习\C2\飞机大战\飞机大战\DEBUG\GUNNER.OBJ
E:\VISUAL STUDIO练习\C2\飞机大战\飞机大战\DEBUG\GUNNERBOX.OBJ
E:\VISUAL STUDIO练习\C2\飞机大战\飞机大战\DEBUG\PLANEAPP.OBJ
E:\VISUAL STUDIO练习\C2\飞机大战\飞机大战\DEBUG\PLAYER.OBJ
E:\VISUAL STUDIO练习\C2\飞机大战\飞机大战\DEBUG\VC110.PDB
E:\VISUAL STUDIO练习\C2\飞机大战\DEBUG\飞机大战.ILK
E:\VISUAL STUDIO练习\C2\飞机大战\DEBUG\飞机大战.EXE
E:\VISUAL STUDIO练习\C2\飞机大战\DEBUG\飞机大战.PDB
E:\VISUAL STUDIO练习\C2\飞机大战\飞机大战\DEBUG\飞机大战.RES
E:\Visual Studio练习\C2\飞机大战\飞机大战\Debug\01WinMain.obj
E:\Visual Studio练习\C2\飞机大战\飞机大战\Debug\Back.obj
E:\Visual Studio练习\C2\飞机大战\飞机大战\Debug\Gunner.obj
E:\Visual Studio练习\C2\飞机大战\飞机大战\Debug\GunnerBox.obj
E:\Visual Studio练习\C2\飞机大战\飞机大战\Debug\PlaneApp.obj
E:\Visual Studio练习\C2\飞机大战\飞机大战\Debug\Player.obj
E:\Visual Studio练习\C2\飞机大战\飞机大战\Debug\cl.command.1.tlog
E:\Visual Studio练习\C2\飞机大战\飞机大战\Debug\CL.read.1.tlog
E:\Visual Studio练习\C2\飞机大战\飞机大战\Debug\CL.write.1.tlog
E:\Visual Studio练习\C2\飞机大战\飞机大战\Debug\link-cvtres.read.1.tlog
E:\Visual Studio练习\C2\飞机大战\飞机大战\Debug\link-cvtres.write.1.tlog
E:\Visual Studio练习\C2\飞机大战\飞机大战\Debug\link-rc.read.1.tlog
E:\Visual Studio练习\C2\飞机大战\飞机大战\Debug\link-rc.write.1.tlog
E:\Visual Studio练习\C2\飞机大战\飞机大战\Debug\link.command.1.tlog
E:\Visual Studio练习\C2\飞机大战\飞机大战\Debug\link.read.1.tlog
E:\Visual Studio练习\C2\飞机大战\飞机大战\Debug\link.write.1.tlog
E:\Visual Studio练习\C2\飞机大战\飞机大战\Debug\rc.command.1.tlog
E:\Visual Studio练习\C2\飞机大战\飞机大战\Debug\rc.read.1.tlog
E:\Visual Studio练习\C2\飞机大战\飞机大战\Debug\rc.write.1.tlog
E:\Visual Studio练习\C2\飞机大战\飞机大战\Debug\飞机大战.res
E:\Visual Studio练习\C2\飞机大战\飞机大战\Debug\vc110.idb
E:\Visual Studio练习\C2\飞机大战\飞机大战\Debug\vc110.pdb
E:\Visual Studio练习\C2\飞机大战\Debug\飞机大战.pdb
E:\Visual Studio练习\C2\飞机大战\Debug\飞机大战.exe
E:\Visual Studio练习\C2\飞机大战\Debug\飞机大战.ilk
